2025-10-14 15:25:53.446   Log opened. (Time zone: UTC+03:00)
2025-10-14 15:25:53.446   Setup version: Inno Setup version 6.5.4
2025-10-14 15:25:53.446   Original Setup EXE: C:\Users\hp\Desktop\yt1\installer\Output\MediaDownloader_v1.0.1_Installer.exe
2025-10-14 15:25:53.446   Setup command line: /SL5="$1C0BFA,48013852,878592,C:\Users\hp\Desktop\yt1\installer\Output\MediaDownloader_v1.0.1_Installer.exe" /SPAWNWND=$300A42 /NOTIFYWND=$AA0A26 /VERYSILENT /LOG=install.log
2025-10-14 15:25:53.446   Compatibility mode: Yes (Installer)
2025-10-14 15:25:53.446   Windows version: 10.0.19045
2025-10-14 15:25:53.446   Windows architecture: x64 (64-bit)
2025-10-14 15:25:53.446   Machine types supported by system: x86 x64
2025-10-14 15:25:53.446   User privileges: Administrative
2025-10-14 15:25:53.463   Administrative install mode: Yes
2025-10-14 15:25:53.463   Install mode root key: HKEY_LOCAL_MACHINE
2025-10-14 15:25:53.463   64-bit install mode: No
2025-10-14 15:25:53.463   Created protected temporary directory: C:\Users\hp\AppData\Local\Temp\is-SIS6V.tmp
2025-10-14 15:25:53.997   Found 1 files to register with RestartManager.
2025-10-14 15:25:53.997   Calling RestartManager's RmGetList.
2025-10-14 15:25:54.033   RmGetList finished successfully.
2025-10-14 15:25:54.033   RestartManager found no applications using one of our files.
2025-10-14 15:25:54.033   Starting the installation process.
2025-10-14 15:25:54.033   Creating directory: C:\Program Files (x86)\Media Downloader
2025-10-14 15:25:54.033   Directory for uninstall files: C:\Program Files (x86)\Media Downloader
2025-10-14 15:25:54.033   Creating new uninstall log: C:\Program Files (x86)\Media Downloader\unins000.dat
2025-10-14 15:25:54.049   -- File entry --
2025-10-14 15:25:54.049   Dest filename: C:\Program Files (x86)\Media Downloader\unins000.exe
2025-10-14 15:25:54.081   Time stamp of our file: 2025-10-14 15:25:53.213
2025-10-14 15:25:54.081   Installing the file.
2025-10-14 15:25:54.081   Successfully installed the file.
2025-10-14 15:25:54.095   -- File entry --
2025-10-14 15:25:54.095   Dest filename: C:\Program Files (x86)\Media Downloader\MediaDownloader_v1.0.1.exe
2025-10-14 15:25:54.096   Time stamp of our file: 2025-10-14 15:07:16.000
2025-10-14 15:25:54.096   Installing the file.
2025-10-14 15:25:58.661   Successfully installed the file.
2025-10-14 15:25:58.661   -- File entry --
2025-10-14 15:25:58.661   Dest filename: C:\Program Files (x86)\Media Downloader\installer_icon.ico
2025-10-14 15:25:58.661   Time stamp of our file: 2025-10-14 14:17:22.000
2025-10-14 15:25:58.661   Installing the file.
2025-10-14 15:25:58.678   Successfully installed the file.
2025-10-14 15:25:58.678   -- Icon entry --
2025-10-14 15:25:58.678   Dest filename: C:\ProgramData\Microsoft\Windows\Start Menu\Programs\Media Downloader.lnk
2025-10-14 15:25:58.678   Creating the icon.
2025-10-14 15:26:01.826   Successfully created the icon.
2025-10-14 15:26:01.843   Saving uninstall information.
2025-10-14 15:26:01.843   Creating new uninstall key: HKEY_LOCAL_MACHINE\Software\Microsoft\Windows\CurrentVersion\Uninstall\{1c877ae8-5b11-4bbf-b2b9-22f5ad768210}_is1
2025-10-14 15:26:01.843   Writing uninstall key values.
2025-10-14 15:26:01.843   Detected previous non administrative install? No
2025-10-14 15:26:01.843   Detected previous administrative 64-bit install? No
2025-10-14 15:26:01.965   Installation process succeeded.
2025-10-14 15:26:01.965   Need to restart Windows? No
2025-10-14 15:26:01.965   Deinitializing Setup.
2025-10-14 15:26:02.012   Log closed.
